
--- NEW SESSION: 08/07/2020 11:20:19 ---
/Cube/VisualModel/model.material = Default Diffuse 1 1 1 0 1 Ambient 1 0.2 0.2 0 1 Specular 0 1 1 0 1 Emissive 0 1 1 0 1 Shininess 0 45 
/Cube/mstate.showColor = 1 1.4 12.12 1
/Cube/mstate.drawMode = 0
/Cube/mstate.translation = 0 100 0
/Cube/mstate.translation = 44.09 200 0

--- NEW SESSION: 08/07/2020 11:25:28 ---
/Cube/mstate.translation = 200 200 200
/Cube/mstate.translation = 200 200 200
/Cube/mstate.translation = 2 2 2

--- NEW SESSION: 08/07/2020 11:51:59 ---
/Cube/mass.vertexMass = 0.75 1 [1 0 0,0 1 0,0 0 1]
/Cube/mstate.velocity = 9.69444e-10 1.26482e-13 1.18693e-09 4.16502e-13 -4.30215e-08 -4.10178e-13
/Cube/mstate.9(V_DERIV) = 5.44694e-10 29.4208 5.86803e-10 0.183121 -2.2595e-08 0.183123
/Cube/mstate.10(V_DERIV) = 2.75764e-14 0.000981 2.90208e-14 5.01349e-17 -1.12996e-12 1.17656e-16
/Cube/mstate.free_velocity = 9.66686e-10 -0.0981 1.18402e-09 4.11488e-13 -4.29085e-08 -4.21944e-13
/Cube/mstate.constraint = 0 1 0 -3.67615e-12 1 3.55271e-15 -20 -7.35231e-11 7.30672e-06  
1 1 0 -3.69837e-12 1 3.67351e-12 -20 -1.02832e-11 -17.3361  
2 1 0 2.32703e-12 1 -2.33769e-12 -17.3361 -6.41212e-12 -20  
3 1 0 -3.55271e-15 1 -2.32847e-12 1.63872e-05 -4.65693e-11 -20  
4 1 0 2.32703e-12 1 -2.33058e-12 -20 9.31521e-11 20  
5 1 0 -6.82121e-13 1 6.75016e-13 1.12446e-05 7.98152e-20 1.12447e-05  
6 1 0 -6.78568e-13 1 6.71463e-13 -18.6681 -1.32642e-13 -18.6681  
7 1 0 0 1 -2.32925e-12 2.12059e-05 4.6585e-11 20  
8 1 0 -3.68772e-12 1 -3.68416e-12 20 1.47438e-10 20  
9 1 0 -3.68378e-12 1 -7.10543e-15 20 7.36756e-11 1.68498e-06  
10 1 0 -3.67706e-12 1 3.68061e-12 20 1.47153e-10 -20  
11 1 0 6.74879e-06 1 6.7488e-06 -0.000123731 -1.51776e-10 0.000146221  
12 1 0 -1.51032e-05 1 1.51032e-05 -20.0003 -0.000604129 19.9997  
13 1 0 1.30167e-05 1 1.30166e-05 19.9997 -0.000520666 20.0003  
14 1 0 -9.64351e-06 1 9.64351e-06 19.9998 0.000385741 -20.0002  
15 1 0 7.10543e-15 1 -3.55271e-15 -20 7.10543e-14 -20  

/Cube/VisualModel/model.material = Default Diffuse 1 1 1 0 1 Ambient 1 0.2 0.2 0 1 Specular 0 1 1 0 1 Emissive 0 1 1 0 1 Shininess 0 45 
/Cube/VisualModel/model.sfactor = GL_ZERO
